2013-10-11 13:58:03,572 FATAL (c:\PROJETS\working\Intercamber\IntercamberBusiness\Helper\LogHelper.cs:109) - Server: CEDRIC-PC
Url: http://localhost:8080/signalr/reconnect?transport=serverSentEvents&connectionToken=x4hX81gj1yFldl4F_5f6Hkzhkfv2FDhLilGiNBOgFTQJ7QshTv1Lf8TWUY8xFhAnILTMkS7SFY7FJdGdwhIHPQIiIFg3H5c6JhGrUMng_TBCR1hNYqDTPIr05g2CP7iy0&connectionData=[{"name":"chathub"}]&groupsToken=Qk9bwaGc-u-SuPG29Vc_Qe1CuOVFT8xgMrpfJxqwrjffYAV_7idpEsmB7HV2OGog6368t4tc0XoiMzZIsvK-FuorTQSvVVRpiBVHVTBPsEoJZi-oQpbhsxi5ADa3P5zHxDFKZcpATZ8xNiQAju66mg2&messageId=B%2C0|C%2C1|D%2C1|E%2C0|F%2C0&tid=9
ExceptionType: System.InvalidOperationException
Message: Unrecognized user identity.  The user identity cannot change during an active SignalR connection.
Source: Microsoft.AspNet.SignalR.Core
Target site: System.String GetConnectionId(Microsoft.AspNet.SignalR.Hosting.HostContext, System.String)
   à Microsoft.AspNet.SignalR.PersistentConnection.GetConnectionId(HostContext context, String connectionToken)
   à Microsoft.AspNet.SignalR.PersistentConnection.ProcessRequest(HostContext context)
   à Microsoft.AspNet.SignalR.Hubs.HubDispatcher.ProcessRequest(HostContext context)
   à Microsoft.AspNet.SignalR.Owin.CallHandler.Invoke(IDictionary`2 environment)
   à Microsoft.AspNet.SignalR.Owin.Handlers.HubDispatcherHandler.Invoke(IDictionary`2 environment)
   à Microsoft.Owin.Host.SystemWeb.OwinCallContext.Execute()
   à Microsoft.Owin.Host.SystemWeb.OwinHttpHandler.BeginProcessRequest(HttpContextBase httpContext, AsyncCallback callback, Object extraData)
--- Fin de la trace de la pile à partir de l'emplacement précédent au niveau duquel l'exception a été levée ---
   à System.Runtime.ExceptionServices.ExceptionDispatchInfo.Throw()
   à Microsoft.Owin.Host.SystemWeb.Infrastructure.ErrorState.Rethrow()
   à Microsoft.Owin.Host.SystemWeb.CallContextAsyncResult.End(IAsyncResult result)
   à Microsoft.Owin.Host.SystemWeb.OwinHttpHandler.EndProcessRequest(IAsyncResult result)
   à System.Web.HttpApplication.CallHandlerExecutionStep.System.Web.HttpApplication.IExecutionStep.Execute()
   à System.Web.HttpApplication.ExecuteStep(IExecutionStep step, Boolean& completedSynchronously)

 ----------------------------------------------------- 
2013-10-11 13:58:03,573 FATAL (c:\PROJETS\working\Intercamber\IntercamberBusiness\Helper\LogHelper.cs:109) - Server: CEDRIC-PC
Url: http://localhost:8080/signalr/abort?transport=serverSentEvents&connectionToken=x4hX81gj1yFldl4F_5f6Hkzhkfv2FDhLilGiNBOgFTQJ7QshTv1Lf8TWUY8xFhAnILTMkS7SFY7FJdGdwhIHPQIiIFg3H5c6JhGrUMng_TBCR1hNYqDTPIr05g2CP7iy0
ExceptionType: System.InvalidOperationException
Message: Unrecognized user identity.  The user identity cannot change during an active SignalR connection.
Source: Microsoft.AspNet.SignalR.Core
Target site: System.String GetConnectionId(Microsoft.AspNet.SignalR.Hosting.HostContext, System.String)
   à Microsoft.AspNet.SignalR.PersistentConnection.GetConnectionId(HostContext context, String connectionToken)
   à Microsoft.AspNet.SignalR.PersistentConnection.ProcessRequest(HostContext context)
   à Microsoft.AspNet.SignalR.Hubs.HubDispatcher.ProcessRequest(HostContext context)
   à Microsoft.AspNet.SignalR.Owin.CallHandler.Invoke(IDictionary`2 environment)
   à Microsoft.AspNet.SignalR.Owin.Handlers.HubDispatcherHandler.Invoke(IDictionary`2 environment)
   à Microsoft.Owin.Host.SystemWeb.OwinCallContext.Execute()
   à Microsoft.Owin.Host.SystemWeb.OwinHttpHandler.BeginProcessRequest(HttpContextBase httpContext, AsyncCallback callback, Object extraData)
--- Fin de la trace de la pile à partir de l'emplacement précédent au niveau duquel l'exception a été levée ---
   à System.Runtime.ExceptionServices.ExceptionDispatchInfo.Throw()
   à Microsoft.Owin.Host.SystemWeb.Infrastructure.ErrorState.Rethrow()
   à Microsoft.Owin.Host.SystemWeb.CallContextAsyncResult.End(IAsyncResult result)
   à Microsoft.Owin.Host.SystemWeb.OwinHttpHandler.EndProcessRequest(IAsyncResult result)
   à System.Web.HttpApplication.CallHandlerExecutionStep.System.Web.HttpApplication.IExecutionStep.Execute()
   à System.Web.HttpApplication.ExecuteStep(IExecutionStep step, Boolean& completedSynchronously)

 ----------------------------------------------------- 
2013-10-11 14:45:02,276 FATAL (c:\PROJETS\working\Intercamber\IntercamberBusiness\Helper\LogHelper.cs:109) - Server: CEDRIC-PC
Url: http://localhost:8080/Contact/~/Images/AddContact.png
ExceptionType: System.Web.HttpException
Message: Le fichier n'existe pas.
Source: System.Web
Target site: System.IO.FileInfo GetFileInfo(System.String, System.String, System.Web.HttpResponse)
   à System.Web.StaticFileHandler.GetFileInfo(String virtualPathWithPathInfo, String physicalPath, HttpResponse response)
   à System.Web.StaticFileHandler.ProcessRequestInternal(HttpContext context, String overrideVirtualPath)
   à System.Web.DefaultHttpHandler.BeginProcessRequest(HttpContext context, AsyncCallback callback, Object state)
   à System.Web.HttpApplication.CallHandlerExecutionStep.System.Web.HttpApplication.IExecutionStep.Execute()
   à System.Web.HttpApplication.ExecuteStep(IExecutionStep step, Boolean& completedSynchronously)

 ----------------------------------------------------- 
2013-10-11 14:45:36,481 FATAL (c:\PROJETS\working\Intercamber\IntercamberBusiness\Helper\LogHelper.cs:109) - Server: CEDRIC-PC
Url: http://localhost:8080/Contact/Images/AddContact.png
ExceptionType: System.Web.HttpException
Message: A public action method 'Images' was not found on controller 'CML.Intercamber.Web.Controllers.ContactController'.
Source: System.Web.Mvc
Target site: Void HandleUnknownAction(System.String)
   at System.Web.Mvc.Controller.HandleUnknownAction(String actionName)
   at System.Web.Mvc.Controller.<>c__DisplayClass1d.<BeginExecuteCore>b__18(IAsyncResult asyncResult)
   at System.Web.Mvc.Async.AsyncResultWrapper.<>c__DisplayClass4.<MakeVoidDelegate>b__3(IAsyncResult ar)
   at System.Web.Mvc.Async.AsyncResultWrapper.WrappedAsyncResult`1.End()
   at System.Web.Mvc.Controller.EndExecuteCore(IAsyncResult asyncResult)
   at System.Web.Mvc.Async.AsyncResultWrapper.<>c__DisplayClass4.<MakeVoidDelegate>b__3(IAsyncResult ar)
   at System.Web.Mvc.Async.AsyncResultWrapper.WrappedAsyncResult`1.End()
   at System.Web.Mvc.Controller.EndExecute(IAsyncResult asyncResult)
   at System.Web.Mvc.Controller.System.Web.Mvc.Async.IAsyncController.EndExecute(IAsyncResult asyncResult)
   at System.Web.Mvc.MvcHandler.<>c__DisplayClass8.<BeginProcessRequest>b__3(IAsyncResult asyncResult)
   at System.Web.Mvc.Async.AsyncResultWrapper.<>c__DisplayClass4.<MakeVoidDelegate>b__3(IAsyncResult ar)
   at System.Web.Mvc.Async.AsyncResultWrapper.WrappedAsyncResult`1.End()
   at System.Web.Mvc.MvcHandler.EndProcessRequest(IAsyncResult asyncResult)
   at System.Web.Mvc.MvcHandler.System.Web.IHttpAsyncHandler.EndProcessRequest(IAsyncResult result)
   at System.Web.HttpApplication.CallHandlerExecutionStep.System.Web.HttpApplication.IExecutionStep.Execute()
   at System.Web.HttpApplication.ExecuteStep(IExecutionStep step, Boolean& completedSynchronously)

 ----------------------------------------------------- 
2013-10-11 14:59:22,357 FATAL (c:\PROJETS\working\Intercamber\IntercamberBusiness\Helper\LogHelper.cs:109) - Server: CEDRIC-PC
Url: http://localhost:8080/Images/RoundFlags/RoundFlag_small_fr.png
ExceptionType: System.Web.HttpException
Message: Le contrôleur pour le chemin « /Images/RoundFlags/RoundFlag_small_fr.png » est introuvable ou n'implémente pas IController.
Source: System.Web.Mvc
Target site: System.Web.Mvc.IController GetControllerInstance(System.Web.Routing.RequestContext, System.Type)
   à System.Web.Mvc.DefaultControllerFactory.GetControllerInstance(RequestContext requestContext, Type controllerType)
   à System.Web.Mvc.DefaultControllerFactory.CreateController(RequestContext requestContext, String controllerName)
   à System.Web.Mvc.MvcHandler.ProcessRequestInit(HttpContextBase httpContext, IController& controller, IControllerFactory& factory)
   à System.Web.Mvc.MvcHandler.BeginProcessRequest(HttpContextBase httpContext, AsyncCallback callback, Object state)
   à System.Web.Mvc.MvcHandler.BeginProcessRequest(HttpContext httpContext, AsyncCallback callback, Object state)
   à System.Web.Mvc.MvcHandler.System.Web.IHttpAsyncHandler.BeginProcessRequest(HttpContext context, AsyncCallback cb, Object extraData)
   à System.Web.HttpApplication.CallHandlerExecutionStep.System.Web.HttpApplication.IExecutionStep.Execute()
   à System.Web.HttpApplication.ExecuteStep(IExecutionStep step, Boolean& completedSynchronously)

 ----------------------------------------------------- 
2013-10-11 14:59:22,533 FATAL (c:\PROJETS\working\Intercamber\IntercamberBusiness\Helper\LogHelper.cs:109) - Server: CEDRIC-PC
Url: http://localhost:8080/Images/RoundFlags/RoundFlag_small_fr.png
ExceptionType: System.Web.HttpException
Message: Le contrôleur pour le chemin « /Images/RoundFlags/RoundFlag_small_fr.png » est introuvable ou n'implémente pas IController.
Source: System.Web.Mvc
Target site: System.Web.Mvc.IController GetControllerInstance(System.Web.Routing.RequestContext, System.Type)
   à System.Web.Mvc.DefaultControllerFactory.GetControllerInstance(RequestContext requestContext, Type controllerType)
   à System.Web.Mvc.DefaultControllerFactory.CreateController(RequestContext requestContext, String controllerName)
   à System.Web.Mvc.MvcHandler.ProcessRequestInit(HttpContextBase httpContext, IController& controller, IControllerFactory& factory)
   à System.Web.Mvc.MvcHandler.BeginProcessRequest(HttpContextBase httpContext, AsyncCallback callback, Object state)
   à System.Web.Mvc.MvcHandler.BeginProcessRequest(HttpContext httpContext, AsyncCallback callback, Object state)
   à System.Web.Mvc.MvcHandler.System.Web.IHttpAsyncHandler.BeginProcessRequest(HttpContext context, AsyncCallback cb, Object extraData)
   à System.Web.HttpApplication.CallHandlerExecutionStep.System.Web.HttpApplication.IExecutionStep.Execute()
   à System.Web.HttpApplication.ExecuteStep(IExecutionStep step, Boolean& completedSynchronously)

 ----------------------------------------------------- 
2013-10-11 14:59:23,793 FATAL (c:\PROJETS\working\Intercamber\IntercamberBusiness\Helper\LogHelper.cs:109) - Server: CEDRIC-PC
Url: http://localhost:8080/Images/RoundFlags/RoundFlag_small_fr.png
ExceptionType: System.Web.HttpException
Message: Le contrôleur pour le chemin « /Images/RoundFlags/RoundFlag_small_fr.png » est introuvable ou n'implémente pas IController.
Source: System.Web.Mvc
Target site: System.Web.Mvc.IController GetControllerInstance(System.Web.Routing.RequestContext, System.Type)
   à System.Web.Mvc.DefaultControllerFactory.GetControllerInstance(RequestContext requestContext, Type controllerType)
   à System.Web.Mvc.DefaultControllerFactory.CreateController(RequestContext requestContext, String controllerName)
   à System.Web.Mvc.MvcHandler.ProcessRequestInit(HttpContextBase httpContext, IController& controller, IControllerFactory& factory)
   à System.Web.Mvc.MvcHandler.BeginProcessRequest(HttpContextBase httpContext, AsyncCallback callback, Object state)
   à System.Web.Mvc.MvcHandler.BeginProcessRequest(HttpContext httpContext, AsyncCallback callback, Object state)
   à System.Web.Mvc.MvcHandler.System.Web.IHttpAsyncHandler.BeginProcessRequest(HttpContext context, AsyncCallback cb, Object extraData)
   à System.Web.HttpApplication.CallHandlerExecutionStep.System.Web.HttpApplication.IExecutionStep.Execute()
   à System.Web.HttpApplication.ExecuteStep(IExecutionStep step, Boolean& completedSynchronously)

 ----------------------------------------------------- 
2013-10-11 14:59:31,203 FATAL (c:\PROJETS\working\Intercamber\IntercamberBusiness\Helper\LogHelper.cs:109) - Server: CEDRIC-PC
Url: http://localhost:8080/Images/RoundFlags/RoundFlag_small_fr.png
ExceptionType: System.Web.HttpException
Message: Le contrôleur pour le chemin « /Images/RoundFlags/RoundFlag_small_fr.png » est introuvable ou n'implémente pas IController.
Source: System.Web.Mvc
Target site: System.Web.Mvc.IController GetControllerInstance(System.Web.Routing.RequestContext, System.Type)
   à System.Web.Mvc.DefaultControllerFactory.GetControllerInstance(RequestContext requestContext, Type controllerType)
   à System.Web.Mvc.DefaultControllerFactory.CreateController(RequestContext requestContext, String controllerName)
   à System.Web.Mvc.MvcHandler.ProcessRequestInit(HttpContextBase httpContext, IController& controller, IControllerFactory& factory)
   à System.Web.Mvc.MvcHandler.BeginProcessRequest(HttpContextBase httpContext, AsyncCallback callback, Object state)
   à System.Web.Mvc.MvcHandler.BeginProcessRequest(HttpContext httpContext, AsyncCallback callback, Object state)
   à System.Web.Mvc.MvcHandler.System.Web.IHttpAsyncHandler.BeginProcessRequest(HttpContext context, AsyncCallback cb, Object extraData)
   à System.Web.HttpApplication.CallHandlerExecutionStep.System.Web.HttpApplication.IExecutionStep.Execute()
   à System.Web.HttpApplication.ExecuteStep(IExecutionStep step, Boolean& completedSynchronously)

 ----------------------------------------------------- 
2013-10-11 15:00:27,247 FATAL (c:\PROJETS\working\Intercamber\IntercamberBusiness\Helper\LogHelper.cs:109) - Server: CEDRIC-PC
Url: http://localhost:8080/Images/RoundFlags/RoundFlag_small_fr.png
ExceptionType: System.Web.HttpException
Message: Le contrôleur pour le chemin « /Images/RoundFlags/RoundFlag_small_fr.png » est introuvable ou n'implémente pas IController.
Source: System.Web.Mvc
Target site: System.Web.Mvc.IController GetControllerInstance(System.Web.Routing.RequestContext, System.Type)
   à System.Web.Mvc.DefaultControllerFactory.GetControllerInstance(RequestContext requestContext, Type controllerType)
   à System.Web.Mvc.DefaultControllerFactory.CreateController(RequestContext requestContext, String controllerName)
   à System.Web.Mvc.MvcHandler.ProcessRequestInit(HttpContextBase httpContext, IController& controller, IControllerFactory& factory)
   à System.Web.Mvc.MvcHandler.BeginProcessRequest(HttpContextBase httpContext, AsyncCallback callback, Object state)
   à System.Web.Mvc.MvcHandler.BeginProcessRequest(HttpContext httpContext, AsyncCallback callback, Object state)
   à System.Web.Mvc.MvcHandler.System.Web.IHttpAsyncHandler.BeginProcessRequest(HttpContext context, AsyncCallback cb, Object extraData)
   à System.Web.HttpApplication.CallHandlerExecutionStep.System.Web.HttpApplication.IExecutionStep.Execute()
   à System.Web.HttpApplication.ExecuteStep(IExecutionStep step, Boolean& completedSynchronously)

 ----------------------------------------------------- 
2013-10-11 15:00:27,458 FATAL (c:\PROJETS\working\Intercamber\IntercamberBusiness\Helper\LogHelper.cs:109) - Server: CEDRIC-PC
Url: http://localhost:8080/Images/RoundFlags/RoundFlag_small_fr.png
ExceptionType: System.Web.HttpException
Message: Le contrôleur pour le chemin « /Images/RoundFlags/RoundFlag_small_fr.png » est introuvable ou n'implémente pas IController.
Source: System.Web.Mvc
Target site: System.Web.Mvc.IController GetControllerInstance(System.Web.Routing.RequestContext, System.Type)
   à System.Web.Mvc.DefaultControllerFactory.GetControllerInstance(RequestContext requestContext, Type controllerType)
   à System.Web.Mvc.DefaultControllerFactory.CreateController(RequestContext requestContext, String controllerName)
   à System.Web.Mvc.MvcHandler.ProcessRequestInit(HttpContextBase httpContext, IController& controller, IControllerFactory& factory)
   à System.Web.Mvc.MvcHandler.BeginProcessRequest(HttpContextBase httpContext, AsyncCallback callback, Object state)
   à System.Web.Mvc.MvcHandler.BeginProcessRequest(HttpContext httpContext, AsyncCallback callback, Object state)
   à System.Web.Mvc.MvcHandler.System.Web.IHttpAsyncHandler.BeginProcessRequest(HttpContext context, AsyncCallback cb, Object extraData)
   à System.Web.HttpApplication.CallHandlerExecutionStep.System.Web.HttpApplication.IExecutionStep.Execute()
   à System.Web.HttpApplication.ExecuteStep(IExecutionStep step, Boolean& completedSynchronously)

 ----------------------------------------------------- 
2013-10-11 15:01:00,126 FATAL (c:\PROJETS\working\Intercamber\IntercamberBusiness\Helper\LogHelper.cs:109) - Server: CEDRIC-PC
Url: http://localhost:8080/Images/RoundFlags/RoundFlag_small_fr.png
ExceptionType: System.Web.HttpException
Message: Le contrôleur pour le chemin « /Images/RoundFlags/RoundFlag_small_fr.png » est introuvable ou n'implémente pas IController.
Source: System.Web.Mvc
Target site: System.Web.Mvc.IController GetControllerInstance(System.Web.Routing.RequestContext, System.Type)
   à System.Web.Mvc.DefaultControllerFactory.GetControllerInstance(RequestContext requestContext, Type controllerType)
   à System.Web.Mvc.DefaultControllerFactory.CreateController(RequestContext requestContext, String controllerName)
   à System.Web.Mvc.MvcHandler.ProcessRequestInit(HttpContextBase httpContext, IController& controller, IControllerFactory& factory)
   à System.Web.Mvc.MvcHandler.BeginProcessRequest(HttpContextBase httpContext, AsyncCallback callback, Object state)
   à System.Web.Mvc.MvcHandler.BeginProcessRequest(HttpContext httpContext, AsyncCallback callback, Object state)
   à System.Web.Mvc.MvcHandler.System.Web.IHttpAsyncHandler.BeginProcessRequest(HttpContext context, AsyncCallback cb, Object extraData)
   à System.Web.HttpApplication.CallHandlerExecutionStep.System.Web.HttpApplication.IExecutionStep.Execute()
   à System.Web.HttpApplication.ExecuteStep(IExecutionStep step, Boolean& completedSynchronously)

 ----------------------------------------------------- 
2013-10-11 15:01:00,311 FATAL (c:\PROJETS\working\Intercamber\IntercamberBusiness\Helper\LogHelper.cs:109) - Server: CEDRIC-PC
Url: http://localhost:8080/Images/RoundFlags/RoundFlag_small_fr.png
ExceptionType: System.Web.HttpException
Message: Le contrôleur pour le chemin « /Images/RoundFlags/RoundFlag_small_fr.png » est introuvable ou n'implémente pas IController.
Source: System.Web.Mvc
Target site: System.Web.Mvc.IController GetControllerInstance(System.Web.Routing.RequestContext, System.Type)
   à System.Web.Mvc.DefaultControllerFactory.GetControllerInstance(RequestContext requestContext, Type controllerType)
   à System.Web.Mvc.DefaultControllerFactory.CreateController(RequestContext requestContext, String controllerName)
   à System.Web.Mvc.MvcHandler.ProcessRequestInit(HttpContextBase httpContext, IController& controller, IControllerFactory& factory)
   à System.Web.Mvc.MvcHandler.BeginProcessRequest(HttpContextBase httpContext, AsyncCallback callback, Object state)
   à System.Web.Mvc.MvcHandler.BeginProcessRequest(HttpContext httpContext, AsyncCallback callback, Object state)
   à System.Web.Mvc.MvcHandler.System.Web.IHttpAsyncHandler.BeginProcessRequest(HttpContext context, AsyncCallback cb, Object extraData)
   à System.Web.HttpApplication.CallHandlerExecutionStep.System.Web.HttpApplication.IExecutionStep.Execute()
   à System.Web.HttpApplication.ExecuteStep(IExecutionStep step, Boolean& completedSynchronously)

 ----------------------------------------------------- 
2013-10-11 15:01:13,586 FATAL (c:\PROJETS\working\Intercamber\IntercamberBusiness\Helper\LogHelper.cs:109) - Server: CEDRIC-PC
Url: http://localhost:8080/Images/RoundFlags/RoundFlag_small_fr.png
ExceptionType: System.Web.HttpException
Message: Le contrôleur pour le chemin « /Images/RoundFlags/RoundFlag_small_fr.png » est introuvable ou n'implémente pas IController.
Source: System.Web.Mvc
Target site: System.Web.Mvc.IController GetControllerInstance(System.Web.Routing.RequestContext, System.Type)
   à System.Web.Mvc.DefaultControllerFactory.GetControllerInstance(RequestContext requestContext, Type controllerType)
   à System.Web.Mvc.DefaultControllerFactory.CreateController(RequestContext requestContext, String controllerName)
   à System.Web.Mvc.MvcHandler.ProcessRequestInit(HttpContextBase httpContext, IController& controller, IControllerFactory& factory)
   à System.Web.Mvc.MvcHandler.BeginProcessRequest(HttpContextBase httpContext, AsyncCallback callback, Object state)
   à System.Web.Mvc.MvcHandler.BeginProcessRequest(HttpContext httpContext, AsyncCallback callback, Object state)
   à System.Web.Mvc.MvcHandler.System.Web.IHttpAsyncHandler.BeginProcessRequest(HttpContext context, AsyncCallback cb, Object extraData)
   à System.Web.HttpApplication.CallHandlerExecutionStep.System.Web.HttpApplication.IExecutionStep.Execute()
   à System.Web.HttpApplication.ExecuteStep(IExecutionStep step, Boolean& completedSynchronously)

 ----------------------------------------------------- 
2013-10-11 15:01:15,104 FATAL (c:\PROJETS\working\Intercamber\IntercamberBusiness\Helper\LogHelper.cs:109) - Server: CEDRIC-PC
Url: http://localhost:8080/Images/RoundFlags/RoundFlag_small_fr.png
ExceptionType: System.Web.HttpException
Message: Le contrôleur pour le chemin « /Images/RoundFlags/RoundFlag_small_fr.png » est introuvable ou n'implémente pas IController.
Source: System.Web.Mvc
Target site: System.Web.Mvc.IController GetControllerInstance(System.Web.Routing.RequestContext, System.Type)
   à System.Web.Mvc.DefaultControllerFactory.GetControllerInstance(RequestContext requestContext, Type controllerType)
   à System.Web.Mvc.DefaultControllerFactory.CreateController(RequestContext requestContext, String controllerName)
   à System.Web.Mvc.MvcHandler.ProcessRequestInit(HttpContextBase httpContext, IController& controller, IControllerFactory& factory)
   à System.Web.Mvc.MvcHandler.BeginProcessRequest(HttpContextBase httpContext, AsyncCallback callback, Object state)
   à System.Web.Mvc.MvcHandler.BeginProcessRequest(HttpContext httpContext, AsyncCallback callback, Object state)
   à System.Web.Mvc.MvcHandler.System.Web.IHttpAsyncHandler.BeginProcessRequest(HttpContext context, AsyncCallback cb, Object extraData)
   à System.Web.HttpApplication.CallHandlerExecutionStep.System.Web.HttpApplication.IExecutionStep.Execute()
   à System.Web.HttpApplication.ExecuteStep(IExecutionStep step, Boolean& completedSynchronously)

 ----------------------------------------------------- 
2013-10-11 15:01:30,139 FATAL (c:\PROJETS\working\Intercamber\IntercamberBusiness\Helper\LogHelper.cs:109) - Server: CEDRIC-PC
Url: http://localhost:8080/Images/RoundFlags/RoundFlag_small_fr.png
ExceptionType: System.Web.HttpException
Message: Le contrôleur pour le chemin « /Images/RoundFlags/RoundFlag_small_fr.png » est introuvable ou n'implémente pas IController.
Source: System.Web.Mvc
Target site: System.Web.Mvc.IController GetControllerInstance(System.Web.Routing.RequestContext, System.Type)
   à System.Web.Mvc.DefaultControllerFactory.GetControllerInstance(RequestContext requestContext, Type controllerType)
   à System.Web.Mvc.DefaultControllerFactory.CreateController(RequestContext requestContext, String controllerName)
   à System.Web.Mvc.MvcHandler.ProcessRequestInit(HttpContextBase httpContext, IController& controller, IControllerFactory& factory)
   à System.Web.Mvc.MvcHandler.BeginProcessRequest(HttpContextBase httpContext, AsyncCallback callback, Object state)
   à System.Web.Mvc.MvcHandler.BeginProcessRequest(HttpContext httpContext, AsyncCallback callback, Object state)
   à System.Web.Mvc.MvcHandler.System.Web.IHttpAsyncHandler.BeginProcessRequest(HttpContext context, AsyncCallback cb, Object extraData)
   à System.Web.HttpApplication.CallHandlerExecutionStep.System.Web.HttpApplication.IExecutionStep.Execute()
   à System.Web.HttpApplication.ExecuteStep(IExecutionStep step, Boolean& completedSynchronously)

 ----------------------------------------------------- 
2013-10-11 15:01:49,983 FATAL (c:\PROJETS\working\Intercamber\IntercamberBusiness\Helper\LogHelper.cs:109) - Server: CEDRIC-PC
Url: http://localhost:8080/Images/RoundFlags/RoundFlag_small_fr.png
ExceptionType: System.Web.HttpException
Message: Le contrôleur pour le chemin « /Images/RoundFlags/RoundFlag_small_fr.png » est introuvable ou n'implémente pas IController.
Source: System.Web.Mvc
Target site: System.Web.Mvc.IController GetControllerInstance(System.Web.Routing.RequestContext, System.Type)
   à System.Web.Mvc.DefaultControllerFactory.GetControllerInstance(RequestContext requestContext, Type controllerType)
   à System.Web.Mvc.DefaultControllerFactory.CreateController(RequestContext requestContext, String controllerName)
   à System.Web.Mvc.MvcHandler.ProcessRequestInit(HttpContextBase httpContext, IController& controller, IControllerFactory& factory)
   à System.Web.Mvc.MvcHandler.BeginProcessRequest(HttpContextBase httpContext, AsyncCallback callback, Object state)
   à System.Web.Mvc.MvcHandler.BeginProcessRequest(HttpContext httpContext, AsyncCallback callback, Object state)
   à System.Web.Mvc.MvcHandler.System.Web.IHttpAsyncHandler.BeginProcessRequest(HttpContext context, AsyncCallback cb, Object extraData)
   à System.Web.HttpApplication.CallHandlerExecutionStep.System.Web.HttpApplication.IExecutionStep.Execute()
   à System.Web.HttpApplication.ExecuteStep(IExecutionStep step, Boolean& completedSynchronously)

 ----------------------------------------------------- 
2013-10-11 15:02:04,289 FATAL (c:\PROJETS\working\Intercamber\IntercamberBusiness\Helper\LogHelper.cs:109) - Server: CEDRIC-PC
Url: http://localhost:8080/signalr/abort?transport=serverSentEvents&connectionToken=TbYFHclZOVyRDe2FXhiaCWJg0hotrbdWoEeuRoLIk86XnFBsXBjT9-VBl7asmxfRJ_HFjqESVDnxGtLUI_7IDd7hXVAeLHtqtYJ4dsXICWBFUddsE6FZHZKtu2KadbOLwLQMI-pmkFmbL2dqFGvO8Q2
ExceptionType: System.InvalidOperationException
Message: Unrecognized user identity.  The user identity cannot change during an active SignalR connection.
Source: Microsoft.AspNet.SignalR.Core
Target site: System.String GetConnectionId(Microsoft.AspNet.SignalR.Hosting.HostContext, System.String)
   à Microsoft.AspNet.SignalR.PersistentConnection.GetConnectionId(HostContext context, String connectionToken)
   à Microsoft.AspNet.SignalR.PersistentConnection.ProcessRequest(HostContext context)
   à Microsoft.AspNet.SignalR.Hubs.HubDispatcher.ProcessRequest(HostContext context)
   à Microsoft.AspNet.SignalR.Owin.CallHandler.Invoke(IDictionary`2 environment)
   à Microsoft.AspNet.SignalR.Owin.Handlers.HubDispatcherHandler.Invoke(IDictionary`2 environment)
   à Microsoft.Owin.Host.SystemWeb.OwinCallContext.Execute()
   à Microsoft.Owin.Host.SystemWeb.OwinHttpHandler.BeginProcessRequest(HttpContextBase httpContext, AsyncCallback callback, Object extraData)
--- Fin de la trace de la pile à partir de l'emplacement précédent au niveau duquel l'exception a été levée ---
   à Microsoft.Owin.Host.SystemWeb.CallContextAsyncResult.End(IAsyncResult result)
   à Microsoft.Owin.Host.SystemWeb.OwinHttpHandler.EndProcessRequest(IAsyncResult result)
   à System.Web.HttpApplication.CallHandlerExecutionStep.System.Web.HttpApplication.IExecutionStep.Execute()
   à System.Web.HttpApplication.ExecuteStep(IExecutionStep step, Boolean& completedSynchronously)

 ----------------------------------------------------- 
2013-10-11 15:02:06,424 FATAL (c:\PROJETS\working\Intercamber\IntercamberBusiness\Helper\LogHelper.cs:109) - Server: CEDRIC-PC
Url: http://localhost:8080/signalr/abort?transport=serverSentEvents&connectionToken=wq6MXrdw1uTylASsdZiljI2-hjQ9SjGA0W3XdpoIMNrVrxDCgogIcJk628awG49qsp2dXGxjOPn9Hjmycw5ly7NsnL6ZxwVCIw6stpruiYnKcDvWMyp-KqdfBAB82rrW0
ExceptionType: System.InvalidOperationException
Message: Unrecognized user identity.  The user identity cannot change during an active SignalR connection.
Source: Microsoft.AspNet.SignalR.Core
Target site: System.String GetConnectionId(Microsoft.AspNet.SignalR.Hosting.HostContext, System.String)
   à Microsoft.AspNet.SignalR.PersistentConnection.GetConnectionId(HostContext context, String connectionToken)
   à Microsoft.AspNet.SignalR.PersistentConnection.ProcessRequest(HostContext context)
   à Microsoft.AspNet.SignalR.Hubs.HubDispatcher.ProcessRequest(HostContext context)
   à Microsoft.AspNet.SignalR.Owin.CallHandler.Invoke(IDictionary`2 environment)
   à Microsoft.AspNet.SignalR.Owin.Handlers.HubDispatcherHandler.Invoke(IDictionary`2 environment)
   à Microsoft.Owin.Host.SystemWeb.OwinCallContext.Execute()
   à Microsoft.Owin.Host.SystemWeb.OwinHttpHandler.BeginProcessRequest(HttpContextBase httpContext, AsyncCallback callback, Object extraData)
--- Fin de la trace de la pile à partir de l'emplacement précédent au niveau duquel l'exception a été levée ---
   à Microsoft.Owin.Host.SystemWeb.CallContextAsyncResult.End(IAsyncResult result)
   à Microsoft.Owin.Host.SystemWeb.OwinHttpHandler.EndProcessRequest(IAsyncResult result)
   à System.Web.HttpApplication.CallHandlerExecutionStep.System.Web.HttpApplication.IExecutionStep.Execute()
   à System.Web.HttpApplication.ExecuteStep(IExecutionStep step, Boolean& completedSynchronously)

 ----------------------------------------------------- 
2013-10-11 15:02:06,472 FATAL (c:\PROJETS\working\Intercamber\IntercamberBusiness\Helper\LogHelper.cs:109) - Server: CEDRIC-PC
Url: http://localhost:8080/Images/RoundFlags/RoundFlag_small_fr.png
ExceptionType: System.Web.HttpException
Message: Le contrôleur pour le chemin « /Images/RoundFlags/RoundFlag_small_fr.png » est introuvable ou n'implémente pas IController.
Source: System.Web.Mvc
Target site: System.Web.Mvc.IController GetControllerInstance(System.Web.Routing.RequestContext, System.Type)
   à System.Web.Mvc.DefaultControllerFactory.GetControllerInstance(RequestContext requestContext, Type controllerType)
   à System.Web.Mvc.DefaultControllerFactory.CreateController(RequestContext requestContext, String controllerName)
   à System.Web.Mvc.MvcHandler.ProcessRequestInit(HttpContextBase httpContext, IController& controller, IControllerFactory& factory)
   à System.Web.Mvc.MvcHandler.BeginProcessRequest(HttpContextBase httpContext, AsyncCallback callback, Object state)
   à System.Web.Mvc.MvcHandler.BeginProcessRequest(HttpContext httpContext, AsyncCallback callback, Object state)
   à System.Web.Mvc.MvcHandler.System.Web.IHttpAsyncHandler.BeginProcessRequest(HttpContext context, AsyncCallback cb, Object extraData)
   à System.Web.HttpApplication.CallHandlerExecutionStep.System.Web.HttpApplication.IExecutionStep.Execute()
   à System.Web.HttpApplication.ExecuteStep(IExecutionStep step, Boolean& completedSynchronously)

 ----------------------------------------------------- 
2013-10-11 16:19:38,071 FATAL (c:\PROJETS\working\Intercamber\IntercamberBusiness\Helper\LogHelper.cs:109) - Server: CEDRIC-PC
Url: http://localhost:8080/Contact/AskContact
ExceptionType: System.Data.Entity.Infrastructure.DbUpdateException
Message: An error occurred while updating the entries. See the inner exception for details.
Source: EntityFramework
Target site: Int32 SaveChanges()
   at System.Data.Entity.Internal.InternalContext.SaveChanges()
   at System.Data.Entity.Internal.LazyInternalContext.SaveChanges()
   at System.Data.Entity.DbContext.SaveChanges()
   at CML.Intercamber.Business.Dao.ContactRequestsDao.InsertContactRequest(ContactRequests v) in c:\PROJETS\working\Intercamber\IntercamberBusiness\Dao\ContactRequestsDao.cs:line 23
   at CML.Intercamber.Web.Controllers.ContactController.AskContact(Int64 idUser, String message) in c:\PROJETS\working\Intercamber\IntercamberWeb\Controllers\ContactController.cs:line 28
   at lambda_method(Closure , ControllerBase , Object[] )
   at System.Web.Mvc.ActionMethodDispatcher.Execute(ControllerBase controller, Object[] parameters)
   at System.Web.Mvc.ReflectedActionDescriptor.Execute(ControllerContext controllerContext, IDictionary`2 parameters)
   at System.Web.Mvc.ControllerActionInvoker.InvokeActionMethod(ControllerContext controllerContext, ActionDescriptor actionDescriptor, IDictionary`2 parameters)
   at System.Web.Mvc.Async.AsyncControllerActionInvoker.<>c__DisplayClass42.<BeginInvokeSynchronousActionMethod>b__41()
   at System.Web.Mvc.Async.AsyncResultWrapper.<>c__DisplayClass8`1.<BeginSynchronous>b__7(IAsyncResult _)
   at System.Web.Mvc.Async.AsyncResultWrapper.WrappedAsyncResult`1.End()
   at System.Web.Mvc.Async.AsyncControllerActionInvoker.EndInvokeActionMethod(IAsyncResult asyncResult)
   at System.Web.Mvc.Async.AsyncControllerActionInvoker.<>c__DisplayClass37.<>c__DisplayClass39.<BeginInvokeActionMethodWithFilters>b__33()
   at System.Web.Mvc.Async.AsyncControllerActionInvoker.<>c__DisplayClass4f.<InvokeActionMethodFilterAsynchronously>b__49()
   at System.Web.Mvc.Async.AsyncControllerActionInvoker.<>c__DisplayClass37.<BeginInvokeActionMethodWithFilters>b__36(IAsyncResult asyncResult)
   at System.Web.Mvc.Async.AsyncResultWrapper.WrappedAsyncResult`1.End()
   at System.Web.Mvc.Async.AsyncControllerActionInvoker.EndInvokeActionMethodWithFilters(IAsyncResult asyncResult)
   at System.Web.Mvc.Async.AsyncControllerActionInvoker.<>c__DisplayClass25.<>c__DisplayClass2a.<BeginInvokeAction>b__20()
   at System.Web.Mvc.Async.AsyncControllerActionInvoker.<>c__DisplayClass25.<BeginInvokeAction>b__22(IAsyncResult asyncResult)
   at System.Web.Mvc.Async.AsyncResultWrapper.WrappedAsyncResult`1.End()
   at System.Web.Mvc.Async.AsyncControllerActionInvoker.EndInvokeAction(IAsyncResult asyncResult)
   at System.Web.Mvc.Controller.<>c__DisplayClass1d.<BeginExecuteCore>b__18(IAsyncResult asyncResult)
   at System.Web.Mvc.Async.AsyncResultWrapper.<>c__DisplayClass4.<MakeVoidDelegate>b__3(IAsyncResult ar)
   at System.Web.Mvc.Async.AsyncResultWrapper.WrappedAsyncResult`1.End()
   at System.Web.Mvc.Controller.EndExecuteCore(IAsyncResult asyncResult)
   at System.Web.Mvc.Async.AsyncResultWrapper.<>c__DisplayClass4.<MakeVoidDelegate>b__3(IAsyncResult ar)
   at System.Web.Mvc.Async.AsyncResultWrapper.WrappedAsyncResult`1.End()
   at System.Web.Mvc.Controller.EndExecute(IAsyncResult asyncResult)
   at System.Web.Mvc.Controller.System.Web.Mvc.Async.IAsyncController.EndExecute(IAsyncResult asyncResult)
   at System.Web.Mvc.MvcHandler.<>c__DisplayClass8.<BeginProcessRequest>b__3(IAsyncResult asyncResult)
   at System.Web.Mvc.Async.AsyncResultWrapper.<>c__DisplayClass4.<MakeVoidDelegate>b__3(IAsyncResult ar)
   at System.Web.Mvc.Async.AsyncResultWrapper.WrappedAsyncResult`1.End()
   at System.Web.Mvc.MvcHandler.EndProcessRequest(IAsyncResult asyncResult)
   at System.Web.Mvc.MvcHandler.System.Web.IHttpAsyncHandler.EndProcessRequest(IAsyncResult result)
   at System.Web.HttpApplication.CallHandlerExecutionStep.System.Web.HttpApplication.IExecutionStep.Execute()
   at System.Web.HttpApplication.ExecuteStep(IExecutionStep step, Boolean& completedSynchronously)
Nested Exception----Server: CEDRIC-PC
Url: http://localhost:8080/Contact/AskContact
ExceptionType: System.Data.UpdateException
Message: An error occurred while updating the entries. See the inner exception for details.
Source: System.Data.Entity
Target site: System.Collections.Generic.List`1[System.Data.Mapping.Update.Internal.UpdateCommand] CompileCommands(System.Data.Mapping.Update.Internal.ChangeNode, System.Data.Mapping.Update.Internal.UpdateCompiler)
   at System.Data.Mapping.Update.Internal.TableChangeProcessor.CompileCommands(ChangeNode changeNode, UpdateCompiler compiler)
   at System.Data.Mapping.Update.Internal.UpdateTranslator.<ProduceDynamicCommands>d__0.MoveNext()
   at System.Linq.Enumerable.<ConcatIterator>d__71`1.MoveNext()
   at System.Data.Mapping.Update.Internal.UpdateCommandOrderer..ctor(IEnumerable`1 commands, UpdateTranslator translator)
   at System.Data.Mapping.Update.Internal.UpdateTranslator.ProduceCommands()
   at System.Data.Mapping.Update.Internal.UpdateTranslator.Update(IEntityStateManager stateManager, IEntityAdapter adapter)
   at System.Data.EntityClient.EntityAdapter.Update(IEntityStateManager entityCache)
   at System.Data.Objects.ObjectContext.SaveChanges(SaveOptions options)
   at System.Data.Entity.Internal.InternalContext.SaveChanges()
Nested Exception----Server: CEDRIC-PC
Url: http://localhost:8080/Contact/AskContact
ExceptionType: System.InvalidOperationException
Message: A dependent property in a ReferentialConstraint is mapped to a store-generated column. Column: 'IdContactRequest'.
Source: System.Data.Entity
Target site: System.Collections.Generic.IEnumerable`1[System.Data.Common.CommandTrees.DbModificationClause] BuildSetClauses(System.Data.Common.CommandTrees.DbExpressionBinding, System.Data.Mapping.Update.Internal.PropagatorResult, System.Data.Mapping.Update.Internal.PropagatorResult, System.Data.Mapping.Update.Internal.TableChangeProcessor, Boolean, System.Collections.Generic.Dictionary`2[System.Int32,System.String] ByRef, System.Data.Common.CommandTrees.DbExpression ByRef, Boolean ByRef)
   at System.Data.Mapping.Update.Internal.UpdateCompiler.BuildSetClauses(DbExpressionBinding target, PropagatorResult row, PropagatorResult originalRow, TableChangeProcessor processor, Boolean insertMode, Dictionary`2& outputIdentifiers, DbExpression& returning, Boolean& rowMustBeTouched)
   at System.Data.Mapping.Update.Internal.UpdateCompiler.BuildInsertCommand(PropagatorResult newRow, TableChangeProcessor processor)
   at System.Data.Mapping.Update.Internal.TableChangeProcessor.CompileCommands(ChangeNode changeNode, UpdateCompiler compiler)

 ----------------------------------------------------- 
2013-10-11 16:19:38,074 FATAL (c:\PROJETS\working\Intercamber\IntercamberBusiness\Helper\LogHelper.cs:109) - Server: CEDRIC-PC
Url: http://localhost:8080/Contact/AskContact
ExceptionType: System.Data.UpdateException
Message: An error occurred while updating the entries. See the inner exception for details.
Source: System.Data.Entity
Target site: System.Collections.Generic.List`1[System.Data.Mapping.Update.Internal.UpdateCommand] CompileCommands(System.Data.Mapping.Update.Internal.ChangeNode, System.Data.Mapping.Update.Internal.UpdateCompiler)
   at System.Data.Mapping.Update.Internal.TableChangeProcessor.CompileCommands(ChangeNode changeNode, UpdateCompiler compiler)
   at System.Data.Mapping.Update.Internal.UpdateTranslator.<ProduceDynamicCommands>d__0.MoveNext()
   at System.Linq.Enumerable.<ConcatIterator>d__71`1.MoveNext()
   at System.Data.Mapping.Update.Internal.UpdateCommandOrderer..ctor(IEnumerable`1 commands, UpdateTranslator translator)
   at System.Data.Mapping.Update.Internal.UpdateTranslator.ProduceCommands()
   at System.Data.Mapping.Update.Internal.UpdateTranslator.Update(IEntityStateManager stateManager, IEntityAdapter adapter)
   at System.Data.EntityClient.EntityAdapter.Update(IEntityStateManager entityCache)
   at System.Data.Objects.ObjectContext.SaveChanges(SaveOptions options)
   at System.Data.Entity.Internal.InternalContext.SaveChanges()
Nested Exception----Server: CEDRIC-PC
Url: http://localhost:8080/Contact/AskContact
ExceptionType: System.InvalidOperationException
Message: A dependent property in a ReferentialConstraint is mapped to a store-generated column. Column: 'IdContactRequest'.
Source: System.Data.Entity
Target site: System.Collections.Generic.IEnumerable`1[System.Data.Common.CommandTrees.DbModificationClause] BuildSetClauses(System.Data.Common.CommandTrees.DbExpressionBinding, System.Data.Mapping.Update.Internal.PropagatorResult, System.Data.Mapping.Update.Internal.PropagatorResult, System.Data.Mapping.Update.Internal.TableChangeProcessor, Boolean, System.Collections.Generic.Dictionary`2[System.Int32,System.String] ByRef, System.Data.Common.CommandTrees.DbExpression ByRef, Boolean ByRef)
   at System.Data.Mapping.Update.Internal.UpdateCompiler.BuildSetClauses(DbExpressionBinding target, PropagatorResult row, PropagatorResult originalRow, TableChangeProcessor processor, Boolean insertMode, Dictionary`2& outputIdentifiers, DbExpression& returning, Boolean& rowMustBeTouched)
   at System.Data.Mapping.Update.Internal.UpdateCompiler.BuildInsertCommand(PropagatorResult newRow, TableChangeProcessor processor)
   at System.Data.Mapping.Update.Internal.TableChangeProcessor.CompileCommands(ChangeNode changeNode, UpdateCompiler compiler)

 ----------------------------------------------------- 
2013-10-11 16:19:38,074 FATAL (c:\PROJETS\working\Intercamber\IntercamberBusiness\Helper\LogHelper.cs:109) - Server: CEDRIC-PC
Url: http://localhost:8080/Contact/AskContact
ExceptionType: System.InvalidOperationException
Message: A dependent property in a ReferentialConstraint is mapped to a store-generated column. Column: 'IdContactRequest'.
Source: System.Data.Entity
Target site: System.Collections.Generic.IEnumerable`1[System.Data.Common.CommandTrees.DbModificationClause] BuildSetClauses(System.Data.Common.CommandTrees.DbExpressionBinding, System.Data.Mapping.Update.Internal.PropagatorResult, System.Data.Mapping.Update.Internal.PropagatorResult, System.Data.Mapping.Update.Internal.TableChangeProcessor, Boolean, System.Collections.Generic.Dictionary`2[System.Int32,System.String] ByRef, System.Data.Common.CommandTrees.DbExpression ByRef, Boolean ByRef)
   at System.Data.Mapping.Update.Internal.UpdateCompiler.BuildSetClauses(DbExpressionBinding target, PropagatorResult row, PropagatorResult originalRow, TableChangeProcessor processor, Boolean insertMode, Dictionary`2& outputIdentifiers, DbExpression& returning, Boolean& rowMustBeTouched)
   at System.Data.Mapping.Update.Internal.UpdateCompiler.BuildInsertCommand(PropagatorResult newRow, TableChangeProcessor processor)
   at System.Data.Mapping.Update.Internal.TableChangeProcessor.CompileCommands(ChangeNode changeNode, UpdateCompiler compiler)

 ----------------------------------------------------- 
2013-10-11 16:20:52,661 FATAL (c:\PROJETS\working\Intercamber\IntercamberBusiness\Helper\LogHelper.cs:109) - Server: CEDRIC-PC
Url: http://localhost:8080/Contact/AskContact
ExceptionType: System.Data.Entity.Infrastructure.DbUpdateException
Message: An error occurred while updating the entries. See the inner exception for details.
Source: EntityFramework
Target site: Int32 SaveChanges()
   at System.Data.Entity.Internal.InternalContext.SaveChanges()
   at System.Data.Entity.Internal.LazyInternalContext.SaveChanges()
   at System.Data.Entity.DbContext.SaveChanges()
   at CML.Intercamber.Business.Dao.ContactRequestsDao.InsertContactRequest(ContactRequests v) in c:\PROJETS\working\Intercamber\IntercamberBusiness\Dao\ContactRequestsDao.cs:line 23
   at CML.Intercamber.Web.Controllers.ContactController.AskContact(Int64 idUser, String message) in c:\PROJETS\working\Intercamber\IntercamberWeb\Controllers\ContactController.cs:line 29
   at lambda_method(Closure , ControllerBase , Object[] )
   at System.Web.Mvc.ActionMethodDispatcher.Execute(ControllerBase controller, Object[] parameters)
   at System.Web.Mvc.ReflectedActionDescriptor.Execute(ControllerContext controllerContext, IDictionary`2 parameters)
   at System.Web.Mvc.ControllerActionInvoker.InvokeActionMethod(ControllerContext controllerContext, ActionDescriptor actionDescriptor, IDictionary`2 parameters)
   at System.Web.Mvc.Async.AsyncControllerActionInvoker.<>c__DisplayClass42.<BeginInvokeSynchronousActionMethod>b__41()
   at System.Web.Mvc.Async.AsyncResultWrapper.<>c__DisplayClass8`1.<BeginSynchronous>b__7(IAsyncResult _)
   at System.Web.Mvc.Async.AsyncResultWrapper.WrappedAsyncResult`1.End()
   at System.Web.Mvc.Async.AsyncControllerActionInvoker.EndInvokeActionMethod(IAsyncResult asyncResult)
   at System.Web.Mvc.Async.AsyncControllerActionInvoker.<>c__DisplayClass37.<>c__DisplayClass39.<BeginInvokeActionMethodWithFilters>b__33()
   at System.Web.Mvc.Async.AsyncControllerActionInvoker.<>c__DisplayClass4f.<InvokeActionMethodFilterAsynchronously>b__49()
   at System.Web.Mvc.Async.AsyncControllerActionInvoker.<>c__DisplayClass37.<BeginInvokeActionMethodWithFilters>b__36(IAsyncResult asyncResult)
   at System.Web.Mvc.Async.AsyncResultWrapper.WrappedAsyncResult`1.End()
   at System.Web.Mvc.Async.AsyncControllerActionInvoker.EndInvokeActionMethodWithFilters(IAsyncResult asyncResult)
   at System.Web.Mvc.Async.AsyncControllerActionInvoker.<>c__DisplayClass25.<>c__DisplayClass2a.<BeginInvokeAction>b__20()
   at System.Web.Mvc.Async.AsyncControllerActionInvoker.<>c__DisplayClass25.<BeginInvokeAction>b__22(IAsyncResult asyncResult)
   at System.Web.Mvc.Async.AsyncResultWrapper.WrappedAsyncResult`1.End()
   at System.Web.Mvc.Async.AsyncControllerActionInvoker.EndInvokeAction(IAsyncResult asyncResult)
   at System.Web.Mvc.Controller.<>c__DisplayClass1d.<BeginExecuteCore>b__18(IAsyncResult asyncResult)
   at System.Web.Mvc.Async.AsyncResultWrapper.<>c__DisplayClass4.<MakeVoidDelegate>b__3(IAsyncResult ar)
   at System.Web.Mvc.Async.AsyncResultWrapper.WrappedAsyncResult`1.End()
   at System.Web.Mvc.Controller.EndExecuteCore(IAsyncResult asyncResult)
   at System.Web.Mvc.Async.AsyncResultWrapper.<>c__DisplayClass4.<MakeVoidDelegate>b__3(IAsyncResult ar)
   at System.Web.Mvc.Async.AsyncResultWrapper.WrappedAsyncResult`1.End()
   at System.Web.Mvc.Controller.EndExecute(IAsyncResult asyncResult)
   at System.Web.Mvc.Controller.System.Web.Mvc.Async.IAsyncController.EndExecute(IAsyncResult asyncResult)
   at System.Web.Mvc.MvcHandler.<>c__DisplayClass8.<BeginProcessRequest>b__3(IAsyncResult asyncResult)
   at System.Web.Mvc.Async.AsyncResultWrapper.<>c__DisplayClass4.<MakeVoidDelegate>b__3(IAsyncResult ar)
   at System.Web.Mvc.Async.AsyncResultWrapper.WrappedAsyncResult`1.End()
   at System.Web.Mvc.MvcHandler.EndProcessRequest(IAsyncResult asyncResult)
   at System.Web.Mvc.MvcHandler.System.Web.IHttpAsyncHandler.EndProcessRequest(IAsyncResult result)
   at System.Web.HttpApplication.CallHandlerExecutionStep.System.Web.HttpApplication.IExecutionStep.Execute()
   at System.Web.HttpApplication.ExecuteStep(IExecutionStep step, Boolean& completedSynchronously)
Nested Exception----Server: CEDRIC-PC
Url: http://localhost:8080/Contact/AskContact
ExceptionType: System.Data.UpdateException
Message: An error occurred while updating the entries. See the inner exception for details.
Source: System.Data.Entity
Target site: System.Collections.Generic.List`1[System.Data.Mapping.Update.Internal.UpdateCommand] CompileCommands(System.Data.Mapping.Update.Internal.ChangeNode, System.Data.Mapping.Update.Internal.UpdateCompiler)
   at System.Data.Mapping.Update.Internal.TableChangeProcessor.CompileCommands(ChangeNode changeNode, UpdateCompiler compiler)
   at System.Data.Mapping.Update.Internal.UpdateTranslator.<ProduceDynamicCommands>d__0.MoveNext()
   at System.Linq.Enumerable.<ConcatIterator>d__71`1.MoveNext()
   at System.Data.Mapping.Update.Internal.UpdateCommandOrderer..ctor(IEnumerable`1 commands, UpdateTranslator translator)
   at System.Data.Mapping.Update.Internal.UpdateTranslator.ProduceCommands()
   at System.Data.Mapping.Update.Internal.UpdateTranslator.Update(IEntityStateManager stateManager, IEntityAdapter adapter)
   at System.Data.EntityClient.EntityAdapter.Update(IEntityStateManager entityCache)
   at System.Data.Objects.ObjectContext.SaveChanges(SaveOptions options)
   at System.Data.Entity.Internal.InternalContext.SaveChanges()
Nested Exception----Server: CEDRIC-PC
Url: http://localhost:8080/Contact/AskContact
ExceptionType: System.InvalidOperationException
Message: A dependent property in a ReferentialConstraint is mapped to a store-generated column. Column: 'IdContactRequest'.
Source: System.Data.Entity
Target site: System.Collections.Generic.IEnumerable`1[System.Data.Common.CommandTrees.DbModificationClause] BuildSetClauses(System.Data.Common.CommandTrees.DbExpressionBinding, System.Data.Mapping.Update.Internal.PropagatorResult, System.Data.Mapping.Update.Internal.PropagatorResult, System.Data.Mapping.Update.Internal.TableChangeProcessor, Boolean, System.Collections.Generic.Dictionary`2[System.Int32,System.String] ByRef, System.Data.Common.CommandTrees.DbExpression ByRef, Boolean ByRef)
   at System.Data.Mapping.Update.Internal.UpdateCompiler.BuildSetClauses(DbExpressionBinding target, PropagatorResult row, PropagatorResult originalRow, TableChangeProcessor processor, Boolean insertMode, Dictionary`2& outputIdentifiers, DbExpression& returning, Boolean& rowMustBeTouched)
   at System.Data.Mapping.Update.Internal.UpdateCompiler.BuildInsertCommand(PropagatorResult newRow, TableChangeProcessor processor)
   at System.Data.Mapping.Update.Internal.TableChangeProcessor.CompileCommands(ChangeNode changeNode, UpdateCompiler compiler)

 ----------------------------------------------------- 
2013-10-11 16:20:52,664 FATAL (c:\PROJETS\working\Intercamber\IntercamberBusiness\Helper\LogHelper.cs:109) - Server: CEDRIC-PC
Url: http://localhost:8080/Contact/AskContact
ExceptionType: System.Data.UpdateException
Message: An error occurred while updating the entries. See the inner exception for details.
Source: System.Data.Entity
Target site: System.Collections.Generic.List`1[System.Data.Mapping.Update.Internal.UpdateCommand] CompileCommands(System.Data.Mapping.Update.Internal.ChangeNode, System.Data.Mapping.Update.Internal.UpdateCompiler)
   at System.Data.Mapping.Update.Internal.TableChangeProcessor.CompileCommands(ChangeNode changeNode, UpdateCompiler compiler)
   at System.Data.Mapping.Update.Internal.UpdateTranslator.<ProduceDynamicCommands>d__0.MoveNext()
   at System.Linq.Enumerable.<ConcatIterator>d__71`1.MoveNext()
   at System.Data.Mapping.Update.Internal.UpdateCommandOrderer..ctor(IEnumerable`1 commands, UpdateTranslator translator)
   at System.Data.Mapping.Update.Internal.UpdateTranslator.ProduceCommands()
   at System.Data.Mapping.Update.Internal.UpdateTranslator.Update(IEntityStateManager stateManager, IEntityAdapter adapter)
   at System.Data.EntityClient.EntityAdapter.Update(IEntityStateManager entityCache)
   at System.Data.Objects.ObjectContext.SaveChanges(SaveOptions options)
   at System.Data.Entity.Internal.InternalContext.SaveChanges()
Nested Exception----Server: CEDRIC-PC
Url: http://localhost:8080/Contact/AskContact
ExceptionType: System.InvalidOperationException
Message: A dependent property in a ReferentialConstraint is mapped to a store-generated column. Column: 'IdContactRequest'.
Source: System.Data.Entity
Target site: System.Collections.Generic.IEnumerable`1[System.Data.Common.CommandTrees.DbModificationClause] BuildSetClauses(System.Data.Common.CommandTrees.DbExpressionBinding, System.Data.Mapping.Update.Internal.PropagatorResult, System.Data.Mapping.Update.Internal.PropagatorResult, System.Data.Mapping.Update.Internal.TableChangeProcessor, Boolean, System.Collections.Generic.Dictionary`2[System.Int32,System.String] ByRef, System.Data.Common.CommandTrees.DbExpression ByRef, Boolean ByRef)
   at System.Data.Mapping.Update.Internal.UpdateCompiler.BuildSetClauses(DbExpressionBinding target, PropagatorResult row, PropagatorResult originalRow, TableChangeProcessor processor, Boolean insertMode, Dictionary`2& outputIdentifiers, DbExpression& returning, Boolean& rowMustBeTouched)
   at System.Data.Mapping.Update.Internal.UpdateCompiler.BuildInsertCommand(PropagatorResult newRow, TableChangeProcessor processor)
   at System.Data.Mapping.Update.Internal.TableChangeProcessor.CompileCommands(ChangeNode changeNode, UpdateCompiler compiler)

 ----------------------------------------------------- 
2013-10-11 16:20:52,665 FATAL (c:\PROJETS\working\Intercamber\IntercamberBusiness\Helper\LogHelper.cs:109) - Server: CEDRIC-PC
Url: http://localhost:8080/Contact/AskContact
ExceptionType: System.InvalidOperationException
Message: A dependent property in a ReferentialConstraint is mapped to a store-generated column. Column: 'IdContactRequest'.
Source: System.Data.Entity
Target site: System.Collections.Generic.IEnumerable`1[System.Data.Common.CommandTrees.DbModificationClause] BuildSetClauses(System.Data.Common.CommandTrees.DbExpressionBinding, System.Data.Mapping.Update.Internal.PropagatorResult, System.Data.Mapping.Update.Internal.PropagatorResult, System.Data.Mapping.Update.Internal.TableChangeProcessor, Boolean, System.Collections.Generic.Dictionary`2[System.Int32,System.String] ByRef, System.Data.Common.CommandTrees.DbExpression ByRef, Boolean ByRef)
   at System.Data.Mapping.Update.Internal.UpdateCompiler.BuildSetClauses(DbExpressionBinding target, PropagatorResult row, PropagatorResult originalRow, TableChangeProcessor processor, Boolean insertMode, Dictionary`2& outputIdentifiers, DbExpression& returning, Boolean& rowMustBeTouched)
   at System.Data.Mapping.Update.Internal.UpdateCompiler.BuildInsertCommand(PropagatorResult newRow, TableChangeProcessor processor)
   at System.Data.Mapping.Update.Internal.TableChangeProcessor.CompileCommands(ChangeNode changeNode, UpdateCompiler compiler)

 ----------------------------------------------------- 
2013-10-11 16:21:12,606 FATAL (c:\PROJETS\working\Intercamber\IntercamberBusiness\Helper\LogHelper.cs:109) - Server: CEDRIC-PC
Url: http://localhost:8080/Contact/AskContact
ExceptionType: System.Data.Entity.Infrastructure.DbUpdateException
Message: An error occurred while updating the entries. See the inner exception for details.
Source: EntityFramework
Target site: Int32 SaveChanges()
   at System.Data.Entity.Internal.InternalContext.SaveChanges()
   at System.Data.Entity.Internal.LazyInternalContext.SaveChanges()
   at System.Data.Entity.DbContext.SaveChanges()
   at CML.Intercamber.Business.Dao.ContactRequestsDao.InsertContactRequest(ContactRequests v) in c:\PROJETS\working\Intercamber\IntercamberBusiness\Dao\ContactRequestsDao.cs:line 23
   at CML.Intercamber.Web.Controllers.ContactController.AskContact(Int64 idUser, String message) in c:\PROJETS\working\Intercamber\IntercamberWeb\Controllers\ContactController.cs:line 29
   at lambda_method(Closure , ControllerBase , Object[] )
   at System.Web.Mvc.ActionMethodDispatcher.Execute(ControllerBase controller, Object[] parameters)
   at System.Web.Mvc.ReflectedActionDescriptor.Execute(ControllerContext controllerContext, IDictionary`2 parameters)
   at System.Web.Mvc.ControllerActionInvoker.InvokeActionMethod(ControllerContext controllerContext, ActionDescriptor actionDescriptor, IDictionary`2 parameters)
   at System.Web.Mvc.Async.AsyncControllerActionInvoker.<>c__DisplayClass42.<BeginInvokeSynchronousActionMethod>b__41()
   at System.Web.Mvc.Async.AsyncResultWrapper.<>c__DisplayClass8`1.<BeginSynchronous>b__7(IAsyncResult _)
   at System.Web.Mvc.Async.AsyncResultWrapper.WrappedAsyncResult`1.End()
   at System.Web.Mvc.Async.AsyncControllerActionInvoker.EndInvokeActionMethod(IAsyncResult asyncResult)
   at System.Web.Mvc.Async.AsyncControllerActionInvoker.<>c__DisplayClass37.<>c__DisplayClass39.<BeginInvokeActionMethodWithFilters>b__33()
   at System.Web.Mvc.Async.AsyncControllerActionInvoker.<>c__DisplayClass4f.<InvokeActionMethodFilterAsynchronously>b__49()
   at System.Web.Mvc.Async.AsyncControllerActionInvoker.<>c__DisplayClass37.<BeginInvokeActionMethodWithFilters>b__36(IAsyncResult asyncResult)
   at System.Web.Mvc.Async.AsyncResultWrapper.WrappedAsyncResult`1.End()
   at System.Web.Mvc.Async.AsyncControllerActionInvoker.EndInvokeActionMethodWithFilters(IAsyncResult asyncResult)
   at System.Web.Mvc.Async.AsyncControllerActionInvoker.<>c__DisplayClass25.<>c__DisplayClass2a.<BeginInvokeAction>b__20()
   at System.Web.Mvc.Async.AsyncControllerActionInvoker.<>c__DisplayClass25.<BeginInvokeAction>b__22(IAsyncResult asyncResult)
   at System.Web.Mvc.Async.AsyncResultWrapper.WrappedAsyncResult`1.End()
   at System.Web.Mvc.Async.AsyncControllerActionInvoker.EndInvokeAction(IAsyncResult asyncResult)
   at System.Web.Mvc.Controller.<>c__DisplayClass1d.<BeginExecuteCore>b__18(IAsyncResult asyncResult)
   at System.Web.Mvc.Async.AsyncResultWrapper.<>c__DisplayClass4.<MakeVoidDelegate>b__3(IAsyncResult ar)
   at System.Web.Mvc.Async.AsyncResultWrapper.WrappedAsyncResult`1.End()
   at System.Web.Mvc.Controller.EndExecuteCore(IAsyncResult asyncResult)
   at System.Web.Mvc.Async.AsyncResultWrapper.<>c__DisplayClass4.<MakeVoidDelegate>b__3(IAsyncResult ar)
   at System.Web.Mvc.Async.AsyncResultWrapper.WrappedAsyncResult`1.End()
   at System.Web.Mvc.Controller.EndExecute(IAsyncResult asyncResult)
   at System.Web.Mvc.Controller.System.Web.Mvc.Async.IAsyncController.EndExecute(IAsyncResult asyncResult)
   at System.Web.Mvc.MvcHandler.<>c__DisplayClass8.<BeginProcessRequest>b__3(IAsyncResult asyncResult)
   at System.Web.Mvc.Async.AsyncResultWrapper.<>c__DisplayClass4.<MakeVoidDelegate>b__3(IAsyncResult ar)
   at System.Web.Mvc.Async.AsyncResultWrapper.WrappedAsyncResult`1.End()
   at System.Web.Mvc.MvcHandler.EndProcessRequest(IAsyncResult asyncResult)
   at System.Web.Mvc.MvcHandler.System.Web.IHttpAsyncHandler.EndProcessRequest(IAsyncResult result)
   at System.Web.HttpApplication.CallHandlerExecutionStep.System.Web.HttpApplication.IExecutionStep.Execute()
   at System.Web.HttpApplication.ExecuteStep(IExecutionStep step, Boolean& completedSynchronously)
Nested Exception----Server: CEDRIC-PC
Url: http://localhost:8080/Contact/AskContact
ExceptionType: System.Data.UpdateException
Message: An error occurred while updating the entries. See the inner exception for details.
Source: System.Data.Entity
Target site: System.Collections.Generic.List`1[System.Data.Mapping.Update.Internal.UpdateCommand] CompileCommands(System.Data.Mapping.Update.Internal.ChangeNode, System.Data.Mapping.Update.Internal.UpdateCompiler)
   at System.Data.Mapping.Update.Internal.TableChangeProcessor.CompileCommands(ChangeNode changeNode, UpdateCompiler compiler)
   at System.Data.Mapping.Update.Internal.UpdateTranslator.<ProduceDynamicCommands>d__0.MoveNext()
   at System.Linq.Enumerable.<ConcatIterator>d__71`1.MoveNext()
   at System.Data.Mapping.Update.Internal.UpdateCommandOrderer..ctor(IEnumerable`1 commands, UpdateTranslator translator)
   at System.Data.Mapping.Update.Internal.UpdateTranslator.ProduceCommands()
   at System.Data.Mapping.Update.Internal.UpdateTranslator.Update(IEntityStateManager stateManager, IEntityAdapter adapter)
   at System.Data.EntityClient.EntityAdapter.Update(IEntityStateManager entityCache)
   at System.Data.Objects.ObjectContext.SaveChanges(SaveOptions options)
   at System.Data.Entity.Internal.InternalContext.SaveChanges()
Nested Exception----Server: CEDRIC-PC
Url: http://localhost:8080/Contact/AskContact
ExceptionType: System.InvalidOperationException
Message: A dependent property in a ReferentialConstraint is mapped to a store-generated column. Column: 'IdContactRequest'.
Source: System.Data.Entity
Target site: System.Collections.Generic.IEnumerable`1[System.Data.Common.CommandTrees.DbModificationClause] BuildSetClauses(System.Data.Common.CommandTrees.DbExpressionBinding, System.Data.Mapping.Update.Internal.PropagatorResult, System.Data.Mapping.Update.Internal.PropagatorResult, System.Data.Mapping.Update.Internal.TableChangeProcessor, Boolean, System.Collections.Generic.Dictionary`2[System.Int32,System.String] ByRef, System.Data.Common.CommandTrees.DbExpression ByRef, Boolean ByRef)
   at System.Data.Mapping.Update.Internal.UpdateCompiler.BuildSetClauses(DbExpressionBinding target, PropagatorResult row, PropagatorResult originalRow, TableChangeProcessor processor, Boolean insertMode, Dictionary`2& outputIdentifiers, DbExpression& returning, Boolean& rowMustBeTouched)
   at System.Data.Mapping.Update.Internal.UpdateCompiler.BuildInsertCommand(PropagatorResult newRow, TableChangeProcessor processor)
   at System.Data.Mapping.Update.Internal.TableChangeProcessor.CompileCommands(ChangeNode changeNode, UpdateCompiler compiler)

 ----------------------------------------------------- 
2013-10-11 16:21:12,606 FATAL (c:\PROJETS\working\Intercamber\IntercamberBusiness\Helper\LogHelper.cs:109) - Server: CEDRIC-PC
Url: http://localhost:8080/Contact/AskContact
ExceptionType: System.Data.UpdateException
Message: An error occurred while updating the entries. See the inner exception for details.
Source: System.Data.Entity
Target site: System.Collections.Generic.List`1[System.Data.Mapping.Update.Internal.UpdateCommand] CompileCommands(System.Data.Mapping.Update.Internal.ChangeNode, System.Data.Mapping.Update.Internal.UpdateCompiler)
   at System.Data.Mapping.Update.Internal.TableChangeProcessor.CompileCommands(ChangeNode changeNode, UpdateCompiler compiler)
   at System.Data.Mapping.Update.Internal.UpdateTranslator.<ProduceDynamicCommands>d__0.MoveNext()
   at System.Linq.Enumerable.<ConcatIterator>d__71`1.MoveNext()
   at System.Data.Mapping.Update.Internal.UpdateCommandOrderer..ctor(IEnumerable`1 commands, UpdateTranslator translator)
   at System.Data.Mapping.Update.Internal.UpdateTranslator.ProduceCommands()
   at System.Data.Mapping.Update.Internal.UpdateTranslator.Update(IEntityStateManager stateManager, IEntityAdapter adapter)
   at System.Data.EntityClient.EntityAdapter.Update(IEntityStateManager entityCache)
   at System.Data.Objects.ObjectContext.SaveChanges(SaveOptions options)
   at System.Data.Entity.Internal.InternalContext.SaveChanges()
Nested Exception----Server: CEDRIC-PC
Url: http://localhost:8080/Contact/AskContact
ExceptionType: System.InvalidOperationException
Message: A dependent property in a ReferentialConstraint is mapped to a store-generated column. Column: 'IdContactRequest'.
Source: System.Data.Entity
Target site: System.Collections.Generic.IEnumerable`1[System.Data.Common.CommandTrees.DbModificationClause] BuildSetClauses(System.Data.Common.CommandTrees.DbExpressionBinding, System.Data.Mapping.Update.Internal.PropagatorResult, System.Data.Mapping.Update.Internal.PropagatorResult, System.Data.Mapping.Update.Internal.TableChangeProcessor, Boolean, System.Collections.Generic.Dictionary`2[System.Int32,System.String] ByRef, System.Data.Common.CommandTrees.DbExpression ByRef, Boolean ByRef)
   at System.Data.Mapping.Update.Internal.UpdateCompiler.BuildSetClauses(DbExpressionBinding target, PropagatorResult row, PropagatorResult originalRow, TableChangeProcessor processor, Boolean insertMode, Dictionary`2& outputIdentifiers, DbExpression& returning, Boolean& rowMustBeTouched)
   at System.Data.Mapping.Update.Internal.UpdateCompiler.BuildInsertCommand(PropagatorResult newRow, TableChangeProcessor processor)
   at System.Data.Mapping.Update.Internal.TableChangeProcessor.CompileCommands(ChangeNode changeNode, UpdateCompiler compiler)

 ----------------------------------------------------- 
2013-10-11 16:21:12,607 FATAL (c:\PROJETS\working\Intercamber\IntercamberBusiness\Helper\LogHelper.cs:109) - Server: CEDRIC-PC
Url: http://localhost:8080/Contact/AskContact
ExceptionType: System.InvalidOperationException
Message: A dependent property in a ReferentialConstraint is mapped to a store-generated column. Column: 'IdContactRequest'.
Source: System.Data.Entity
Target site: System.Collections.Generic.IEnumerable`1[System.Data.Common.CommandTrees.DbModificationClause] BuildSetClauses(System.Data.Common.CommandTrees.DbExpressionBinding, System.Data.Mapping.Update.Internal.PropagatorResult, System.Data.Mapping.Update.Internal.PropagatorResult, System.Data.Mapping.Update.Internal.TableChangeProcessor, Boolean, System.Collections.Generic.Dictionary`2[System.Int32,System.String] ByRef, System.Data.Common.CommandTrees.DbExpression ByRef, Boolean ByRef)
   at System.Data.Mapping.Update.Internal.UpdateCompiler.BuildSetClauses(DbExpressionBinding target, PropagatorResult row, PropagatorResult originalRow, TableChangeProcessor processor, Boolean insertMode, Dictionary`2& outputIdentifiers, DbExpression& returning, Boolean& rowMustBeTouched)
   at System.Data.Mapping.Update.Internal.UpdateCompiler.BuildInsertCommand(PropagatorResult newRow, TableChangeProcessor processor)
   at System.Data.Mapping.Update.Internal.TableChangeProcessor.CompileCommands(ChangeNode changeNode, UpdateCompiler compiler)

 ----------------------------------------------------- 
2013-10-11 16:29:12,935 FATAL (c:\PROJETS\working\Intercamber\IntercamberBusiness\Helper\LogHelper.cs:109) - Server: CEDRIC-PC
Url: http://localhost:8080/Contact/AskContact
ExceptionType: System.Data.Entity.Infrastructure.DbUpdateException
Message: An error occurred while updating the entries. See the inner exception for details.
Source: EntityFramework
Target site: Int32 SaveChanges()
   at System.Data.Entity.Internal.InternalContext.SaveChanges()
   at System.Data.Entity.Internal.LazyInternalContext.SaveChanges()
   at System.Data.Entity.DbContext.SaveChanges()
   at CML.Intercamber.Business.Dao.ContactRequestsDao.InsertContactRequest(ContactRequests v) in c:\PROJETS\working\Intercamber\IntercamberBusiness\Dao\ContactRequestsDao.cs:line 23
   at CML.Intercamber.Web.Controllers.ContactController.AskContact(Int64 idUser, String message) in c:\PROJETS\working\Intercamber\IntercamberWeb\Controllers\ContactController.cs:line 29
   at lambda_method(Closure , ControllerBase , Object[] )
   at System.Web.Mvc.ActionMethodDispatcher.Execute(ControllerBase controller, Object[] parameters)
   at System.Web.Mvc.ReflectedActionDescriptor.Execute(ControllerContext controllerContext, IDictionary`2 parameters)
   at System.Web.Mvc.ControllerActionInvoker.InvokeActionMethod(ControllerContext controllerContext, ActionDescriptor actionDescriptor, IDictionary`2 parameters)
   at System.Web.Mvc.Async.AsyncControllerActionInvoker.<>c__DisplayClass42.<BeginInvokeSynchronousActionMethod>b__41()
   at System.Web.Mvc.Async.AsyncResultWrapper.<>c__DisplayClass8`1.<BeginSynchronous>b__7(IAsyncResult _)
   at System.Web.Mvc.Async.AsyncResultWrapper.WrappedAsyncResult`1.End()
   at System.Web.Mvc.Async.AsyncControllerActionInvoker.EndInvokeActionMethod(IAsyncResult asyncResult)
   at System.Web.Mvc.Async.AsyncControllerActionInvoker.<>c__DisplayClass37.<>c__DisplayClass39.<BeginInvokeActionMethodWithFilters>b__33()
   at System.Web.Mvc.Async.AsyncControllerActionInvoker.<>c__DisplayClass4f.<InvokeActionMethodFilterAsynchronously>b__49()
   at System.Web.Mvc.Async.AsyncControllerActionInvoker.<>c__DisplayClass37.<BeginInvokeActionMethodWithFilters>b__36(IAsyncResult asyncResult)
   at System.Web.Mvc.Async.AsyncResultWrapper.WrappedAsyncResult`1.End()
   at System.Web.Mvc.Async.AsyncControllerActionInvoker.EndInvokeActionMethodWithFilters(IAsyncResult asyncResult)
   at System.Web.Mvc.Async.AsyncControllerActionInvoker.<>c__DisplayClass25.<>c__DisplayClass2a.<BeginInvokeAction>b__20()
   at System.Web.Mvc.Async.AsyncControllerActionInvoker.<>c__DisplayClass25.<BeginInvokeAction>b__22(IAsyncResult asyncResult)
   at System.Web.Mvc.Async.AsyncResultWrapper.WrappedAsyncResult`1.End()
   at System.Web.Mvc.Async.AsyncControllerActionInvoker.EndInvokeAction(IAsyncResult asyncResult)
   at System.Web.Mvc.Controller.<>c__DisplayClass1d.<BeginExecuteCore>b__18(IAsyncResult asyncResult)
   at System.Web.Mvc.Async.AsyncResultWrapper.<>c__DisplayClass4.<MakeVoidDelegate>b__3(IAsyncResult ar)
   at System.Web.Mvc.Async.AsyncResultWrapper.WrappedAsyncResult`1.End()
   at System.Web.Mvc.Controller.EndExecuteCore(IAsyncResult asyncResult)
   at System.Web.Mvc.Async.AsyncResultWrapper.<>c__DisplayClass4.<MakeVoidDelegate>b__3(IAsyncResult ar)
   at System.Web.Mvc.Async.AsyncResultWrapper.WrappedAsyncResult`1.End()
   at System.Web.Mvc.Controller.EndExecute(IAsyncResult asyncResult)
   at System.Web.Mvc.Controller.System.Web.Mvc.Async.IAsyncController.EndExecute(IAsyncResult asyncResult)
   at System.Web.Mvc.MvcHandler.<>c__DisplayClass8.<BeginProcessRequest>b__3(IAsyncResult asyncResult)
   at System.Web.Mvc.Async.AsyncResultWrapper.<>c__DisplayClass4.<MakeVoidDelegate>b__3(IAsyncResult ar)
   at System.Web.Mvc.Async.AsyncResultWrapper.WrappedAsyncResult`1.End()
   at System.Web.Mvc.MvcHandler.EndProcessRequest(IAsyncResult asyncResult)
   at System.Web.Mvc.MvcHandler.System.Web.IHttpAsyncHandler.EndProcessRequest(IAsyncResult result)
   at System.Web.HttpApplication.CallHandlerExecutionStep.System.Web.HttpApplication.IExecutionStep.Execute()
   at System.Web.HttpApplication.ExecuteStep(IExecutionStep step, Boolean& completedSynchronously)
Nested Exception----Server: CEDRIC-PC
Url: http://localhost:8080/Contact/AskContact
ExceptionType: System.Data.UpdateException
Message: An error occurred while updating the entries. See the inner exception for details.
Source: System.Data.Entity
Target site: System.Collections.Generic.List`1[System.Data.Mapping.Update.Internal.UpdateCommand] CompileCommands(System.Data.Mapping.Update.Internal.ChangeNode, System.Data.Mapping.Update.Internal.UpdateCompiler)
   at System.Data.Mapping.Update.Internal.TableChangeProcessor.CompileCommands(ChangeNode changeNode, UpdateCompiler compiler)
   at System.Data.Mapping.Update.Internal.UpdateTranslator.<ProduceDynamicCommands>d__0.MoveNext()
   at System.Linq.Enumerable.<ConcatIterator>d__71`1.MoveNext()
   at System.Data.Mapping.Update.Internal.UpdateCommandOrderer..ctor(IEnumerable`1 commands, UpdateTranslator translator)
   at System.Data.Mapping.Update.Internal.UpdateTranslator.ProduceCommands()
   at System.Data.Mapping.Update.Internal.UpdateTranslator.Update(IEntityStateManager stateManager, IEntityAdapter adapter)
   at System.Data.EntityClient.EntityAdapter.Update(IEntityStateManager entityCache)
   at System.Data.Objects.ObjectContext.SaveChanges(SaveOptions options)
   at System.Data.Entity.Internal.InternalContext.SaveChanges()
Nested Exception----Server: CEDRIC-PC
Url: http://localhost:8080/Contact/AskContact
ExceptionType: System.InvalidOperationException
Message: A dependent property in a ReferentialConstraint is mapped to a store-generated column. Column: 'IdContactRequest'.
Source: System.Data.Entity
Target site: System.Collections.Generic.IEnumerable`1[System.Data.Common.CommandTrees.DbModificationClause] BuildSetClauses(System.Data.Common.CommandTrees.DbExpressionBinding, System.Data.Mapping.Update.Internal.PropagatorResult, System.Data.Mapping.Update.Internal.PropagatorResult, System.Data.Mapping.Update.Internal.TableChangeProcessor, Boolean, System.Collections.Generic.Dictionary`2[System.Int32,System.String] ByRef, System.Data.Common.CommandTrees.DbExpression ByRef, Boolean ByRef)
   at System.Data.Mapping.Update.Internal.UpdateCompiler.BuildSetClauses(DbExpressionBinding target, PropagatorResult row, PropagatorResult originalRow, TableChangeProcessor processor, Boolean insertMode, Dictionary`2& outputIdentifiers, DbExpression& returning, Boolean& rowMustBeTouched)
   at System.Data.Mapping.Update.Internal.UpdateCompiler.BuildInsertCommand(PropagatorResult newRow, TableChangeProcessor processor)
   at System.Data.Mapping.Update.Internal.TableChangeProcessor.CompileCommands(ChangeNode changeNode, UpdateCompiler compiler)

 ----------------------------------------------------- 
2013-10-11 16:29:12,943 FATAL (c:\PROJETS\working\Intercamber\IntercamberBusiness\Helper\LogHelper.cs:109) - Server: CEDRIC-PC
Url: http://localhost:8080/Contact/AskContact
ExceptionType: System.Data.UpdateException
Message: An error occurred while updating the entries. See the inner exception for details.
Source: System.Data.Entity
Target site: System.Collections.Generic.List`1[System.Data.Mapping.Update.Internal.UpdateCommand] CompileCommands(System.Data.Mapping.Update.Internal.ChangeNode, System.Data.Mapping.Update.Internal.UpdateCompiler)
   at System.Data.Mapping.Update.Internal.TableChangeProcessor.CompileCommands(ChangeNode changeNode, UpdateCompiler compiler)
   at System.Data.Mapping.Update.Internal.UpdateTranslator.<ProduceDynamicCommands>d__0.MoveNext()
   at System.Linq.Enumerable.<ConcatIterator>d__71`1.MoveNext()
   at System.Data.Mapping.Update.Internal.UpdateCommandOrderer..ctor(IEnumerable`1 commands, UpdateTranslator translator)
   at System.Data.Mapping.Update.Internal.UpdateTranslator.ProduceCommands()
   at System.Data.Mapping.Update.Internal.UpdateTranslator.Update(IEntityStateManager stateManager, IEntityAdapter adapter)
   at System.Data.EntityClient.EntityAdapter.Update(IEntityStateManager entityCache)
   at System.Data.Objects.ObjectContext.SaveChanges(SaveOptions options)
   at System.Data.Entity.Internal.InternalContext.SaveChanges()
Nested Exception----Server: CEDRIC-PC
Url: http://localhost:8080/Contact/AskContact
ExceptionType: System.InvalidOperationException
Message: A dependent property in a ReferentialConstraint is mapped to a store-generated column. Column: 'IdContactRequest'.
Source: System.Data.Entity
Target site: System.Collections.Generic.IEnumerable`1[System.Data.Common.CommandTrees.DbModificationClause] BuildSetClauses(System.Data.Common.CommandTrees.DbExpressionBinding, System.Data.Mapping.Update.Internal.PropagatorResult, System.Data.Mapping.Update.Internal.PropagatorResult, System.Data.Mapping.Update.Internal.TableChangeProcessor, Boolean, System.Collections.Generic.Dictionary`2[System.Int32,System.String] ByRef, System.Data.Common.CommandTrees.DbExpression ByRef, Boolean ByRef)
   at System.Data.Mapping.Update.Internal.UpdateCompiler.BuildSetClauses(DbExpressionBinding target, PropagatorResult row, PropagatorResult originalRow, TableChangeProcessor processor, Boolean insertMode, Dictionary`2& outputIdentifiers, DbExpression& returning, Boolean& rowMustBeTouched)
   at System.Data.Mapping.Update.Internal.UpdateCompiler.BuildInsertCommand(PropagatorResult newRow, TableChangeProcessor processor)
   at System.Data.Mapping.Update.Internal.TableChangeProcessor.CompileCommands(ChangeNode changeNode, UpdateCompiler compiler)

 ----------------------------------------------------- 
2013-10-11 16:29:12,944 FATAL (c:\PROJETS\working\Intercamber\IntercamberBusiness\Helper\LogHelper.cs:109) - Server: CEDRIC-PC
Url: http://localhost:8080/Contact/AskContact
ExceptionType: System.InvalidOperationException
Message: A dependent property in a ReferentialConstraint is mapped to a store-generated column. Column: 'IdContactRequest'.
Source: System.Data.Entity
Target site: System.Collections.Generic.IEnumerable`1[System.Data.Common.CommandTrees.DbModificationClause] BuildSetClauses(System.Data.Common.CommandTrees.DbExpressionBinding, System.Data.Mapping.Update.Internal.PropagatorResult, System.Data.Mapping.Update.Internal.PropagatorResult, System.Data.Mapping.Update.Internal.TableChangeProcessor, Boolean, System.Collections.Generic.Dictionary`2[System.Int32,System.String] ByRef, System.Data.Common.CommandTrees.DbExpression ByRef, Boolean ByRef)
   at System.Data.Mapping.Update.Internal.UpdateCompiler.BuildSetClauses(DbExpressionBinding target, PropagatorResult row, PropagatorResult originalRow, TableChangeProcessor processor, Boolean insertMode, Dictionary`2& outputIdentifiers, DbExpression& returning, Boolean& rowMustBeTouched)
   at System.Data.Mapping.Update.Internal.UpdateCompiler.BuildInsertCommand(PropagatorResult newRow, TableChangeProcessor processor)
   at System.Data.Mapping.Update.Internal.TableChangeProcessor.CompileCommands(ChangeNode changeNode, UpdateCompiler compiler)

 ----------------------------------------------------- 
2013-10-11 16:30:08,260 FATAL (c:\PROJETS\working\Intercamber\IntercamberBusiness\Helper\LogHelper.cs:109) - Server: CEDRIC-PC
Url: http://localhost:8080/Contact/AskContact
ExceptionType: System.Data.Entity.Infrastructure.DbUpdateException
Message: An error occurred while updating the entries. See the inner exception for details.
Source: EntityFramework
Target site: Int32 SaveChanges()
   at System.Data.Entity.Internal.InternalContext.SaveChanges()
   at System.Data.Entity.Internal.LazyInternalContext.SaveChanges()
   at System.Data.Entity.DbContext.SaveChanges()
   at CML.Intercamber.Business.Dao.ContactRequestsDao.InsertContactRequest(ContactRequests v) in c:\PROJETS\working\Intercamber\IntercamberBusiness\Dao\ContactRequestsDao.cs:line 23
   at CML.Intercamber.Web.Controllers.ContactController.AskContact(Int64 idUser, String message) in c:\PROJETS\working\Intercamber\IntercamberWeb\Controllers\ContactController.cs:line 29
   at lambda_method(Closure , ControllerBase , Object[] )
   at System.Web.Mvc.ActionMethodDispatcher.Execute(ControllerBase controller, Object[] parameters)
   at System.Web.Mvc.ReflectedActionDescriptor.Execute(ControllerContext controllerContext, IDictionary`2 parameters)
   at System.Web.Mvc.ControllerActionInvoker.InvokeActionMethod(ControllerContext controllerContext, ActionDescriptor actionDescriptor, IDictionary`2 parameters)
   at System.Web.Mvc.Async.AsyncControllerActionInvoker.<>c__DisplayClass42.<BeginInvokeSynchronousActionMethod>b__41()
   at System.Web.Mvc.Async.AsyncResultWrapper.<>c__DisplayClass8`1.<BeginSynchronous>b__7(IAsyncResult _)
   at System.Web.Mvc.Async.AsyncResultWrapper.WrappedAsyncResult`1.End()
   at System.Web.Mvc.Async.AsyncControllerActionInvoker.EndInvokeActionMethod(IAsyncResult asyncResult)
   at System.Web.Mvc.Async.AsyncControllerActionInvoker.<>c__DisplayClass37.<>c__DisplayClass39.<BeginInvokeActionMethodWithFilters>b__33()
   at System.Web.Mvc.Async.AsyncControllerActionInvoker.<>c__DisplayClass4f.<InvokeActionMethodFilterAsynchronously>b__49()
   at System.Web.Mvc.Async.AsyncControllerActionInvoker.<>c__DisplayClass37.<BeginInvokeActionMethodWithFilters>b__36(IAsyncResult asyncResult)
   at System.Web.Mvc.Async.AsyncResultWrapper.WrappedAsyncResult`1.End()
   at System.Web.Mvc.Async.AsyncControllerActionInvoker.EndInvokeActionMethodWithFilters(IAsyncResult asyncResult)
   at System.Web.Mvc.Async.AsyncControllerActionInvoker.<>c__DisplayClass25.<>c__DisplayClass2a.<BeginInvokeAction>b__20()
   at System.Web.Mvc.Async.AsyncControllerActionInvoker.<>c__DisplayClass25.<BeginInvokeAction>b__22(IAsyncResult asyncResult)
   at System.Web.Mvc.Async.AsyncResultWrapper.WrappedAsyncResult`1.End()
   at System.Web.Mvc.Async.AsyncControllerActionInvoker.EndInvokeAction(IAsyncResult asyncResult)
   at System.Web.Mvc.Controller.<>c__DisplayClass1d.<BeginExecuteCore>b__18(IAsyncResult asyncResult)
   at System.Web.Mvc.Async.AsyncResultWrapper.<>c__DisplayClass4.<MakeVoidDelegate>b__3(IAsyncResult ar)
   at System.Web.Mvc.Async.AsyncResultWrapper.WrappedAsyncResult`1.End()
   at System.Web.Mvc.Controller.EndExecuteCore(IAsyncResult asyncResult)
   at System.Web.Mvc.Async.AsyncResultWrapper.<>c__DisplayClass4.<MakeVoidDelegate>b__3(IAsyncResult ar)
   at System.Web.Mvc.Async.AsyncResultWrapper.WrappedAsyncResult`1.End()
   at System.Web.Mvc.Controller.EndExecute(IAsyncResult asyncResult)
   at System.Web.Mvc.Controller.System.Web.Mvc.Async.IAsyncController.EndExecute(IAsyncResult asyncResult)
   at System.Web.Mvc.MvcHandler.<>c__DisplayClass8.<BeginProcessRequest>b__3(IAsyncResult asyncResult)
   at System.Web.Mvc.Async.AsyncResultWrapper.<>c__DisplayClass4.<MakeVoidDelegate>b__3(IAsyncResult ar)
   at System.Web.Mvc.Async.AsyncResultWrapper.WrappedAsyncResult`1.End()
   at System.Web.Mvc.MvcHandler.EndProcessRequest(IAsyncResult asyncResult)
   at System.Web.Mvc.MvcHandler.System.Web.IHttpAsyncHandler.EndProcessRequest(IAsyncResult result)
   at System.Web.HttpApplication.CallHandlerExecutionStep.System.Web.HttpApplication.IExecutionStep.Execute()
   at System.Web.HttpApplication.ExecuteStep(IExecutionStep step, Boolean& completedSynchronously)
Nested Exception----Server: CEDRIC-PC
Url: http://localhost:8080/Contact/AskContact
ExceptionType: System.Data.UpdateException
Message: An error occurred while updating the entries. See the inner exception for details.
Source: System.Data.Entity
Target site: System.Collections.Generic.List`1[System.Data.Mapping.Update.Internal.UpdateCommand] CompileCommands(System.Data.Mapping.Update.Internal.ChangeNode, System.Data.Mapping.Update.Internal.UpdateCompiler)
   at System.Data.Mapping.Update.Internal.TableChangeProcessor.CompileCommands(ChangeNode changeNode, UpdateCompiler compiler)
   at System.Data.Mapping.Update.Internal.UpdateTranslator.<ProduceDynamicCommands>d__0.MoveNext()
   at System.Linq.Enumerable.<ConcatIterator>d__71`1.MoveNext()
   at System.Data.Mapping.Update.Internal.UpdateCommandOrderer..ctor(IEnumerable`1 commands, UpdateTranslator translator)
   at System.Data.Mapping.Update.Internal.UpdateTranslator.ProduceCommands()
   at System.Data.Mapping.Update.Internal.UpdateTranslator.Update(IEntityStateManager stateManager, IEntityAdapter adapter)
   at System.Data.EntityClient.EntityAdapter.Update(IEntityStateManager entityCache)
   at System.Data.Objects.ObjectContext.SaveChanges(SaveOptions options)
   at System.Data.Entity.Internal.InternalContext.SaveChanges()
Nested Exception----Server: CEDRIC-PC
Url: http://localhost:8080/Contact/AskContact
ExceptionType: System.InvalidOperationException
Message: A dependent property in a ReferentialConstraint is mapped to a store-generated column. Column: 'IdContactRequest'.
Source: System.Data.Entity
Target site: System.Collections.Generic.IEnumerable`1[System.Data.Common.CommandTrees.DbModificationClause] BuildSetClauses(System.Data.Common.CommandTrees.DbExpressionBinding, System.Data.Mapping.Update.Internal.PropagatorResult, System.Data.Mapping.Update.Internal.PropagatorResult, System.Data.Mapping.Update.Internal.TableChangeProcessor, Boolean, System.Collections.Generic.Dictionary`2[System.Int32,System.String] ByRef, System.Data.Common.CommandTrees.DbExpression ByRef, Boolean ByRef)
   at System.Data.Mapping.Update.Internal.UpdateCompiler.BuildSetClauses(DbExpressionBinding target, PropagatorResult row, PropagatorResult originalRow, TableChangeProcessor processor, Boolean insertMode, Dictionary`2& outputIdentifiers, DbExpression& returning, Boolean& rowMustBeTouched)
   at System.Data.Mapping.Update.Internal.UpdateCompiler.BuildInsertCommand(PropagatorResult newRow, TableChangeProcessor processor)
   at System.Data.Mapping.Update.Internal.TableChangeProcessor.CompileCommands(ChangeNode changeNode, UpdateCompiler compiler)

 ----------------------------------------------------- 
2013-10-11 16:30:08,263 FATAL (c:\PROJETS\working\Intercamber\IntercamberBusiness\Helper\LogHelper.cs:109) - Server: CEDRIC-PC
Url: http://localhost:8080/Contact/AskContact
ExceptionType: System.Data.UpdateException
Message: An error occurred while updating the entries. See the inner exception for details.
Source: System.Data.Entity
Target site: System.Collections.Generic.List`1[System.Data.Mapping.Update.Internal.UpdateCommand] CompileCommands(System.Data.Mapping.Update.Internal.ChangeNode, System.Data.Mapping.Update.Internal.UpdateCompiler)
   at System.Data.Mapping.Update.Internal.TableChangeProcessor.CompileCommands(ChangeNode changeNode, UpdateCompiler compiler)
   at System.Data.Mapping.Update.Internal.UpdateTranslator.<ProduceDynamicCommands>d__0.MoveNext()
   at System.Linq.Enumerable.<ConcatIterator>d__71`1.MoveNext()
   at System.Data.Mapping.Update.Internal.UpdateCommandOrderer..ctor(IEnumerable`1 commands, UpdateTranslator translator)
   at System.Data.Mapping.Update.Internal.UpdateTranslator.ProduceCommands()
   at System.Data.Mapping.Update.Internal.UpdateTranslator.Update(IEntityStateManager stateManager, IEntityAdapter adapter)
   at System.Data.EntityClient.EntityAdapter.Update(IEntityStateManager entityCache)
   at System.Data.Objects.ObjectContext.SaveChanges(SaveOptions options)
   at System.Data.Entity.Internal.InternalContext.SaveChanges()
Nested Exception----Server: CEDRIC-PC
Url: http://localhost:8080/Contact/AskContact
ExceptionType: System.InvalidOperationException
Message: A dependent property in a ReferentialConstraint is mapped to a store-generated column. Column: 'IdContactRequest'.
Source: System.Data.Entity
Target site: System.Collections.Generic.IEnumerable`1[System.Data.Common.CommandTrees.DbModificationClause] BuildSetClauses(System.Data.Common.CommandTrees.DbExpressionBinding, System.Data.Mapping.Update.Internal.PropagatorResult, System.Data.Mapping.Update.Internal.PropagatorResult, System.Data.Mapping.Update.Internal.TableChangeProcessor, Boolean, System.Collections.Generic.Dictionary`2[System.Int32,System.String] ByRef, System.Data.Common.CommandTrees.DbExpression ByRef, Boolean ByRef)
   at System.Data.Mapping.Update.Internal.UpdateCompiler.BuildSetClauses(DbExpressionBinding target, PropagatorResult row, PropagatorResult originalRow, TableChangeProcessor processor, Boolean insertMode, Dictionary`2& outputIdentifiers, DbExpression& returning, Boolean& rowMustBeTouched)
   at System.Data.Mapping.Update.Internal.UpdateCompiler.BuildInsertCommand(PropagatorResult newRow, TableChangeProcessor processor)
   at System.Data.Mapping.Update.Internal.TableChangeProcessor.CompileCommands(ChangeNode changeNode, UpdateCompiler compiler)

 ----------------------------------------------------- 
2013-10-11 16:30:08,263 FATAL (c:\PROJETS\working\Intercamber\IntercamberBusiness\Helper\LogHelper.cs:109) - Server: CEDRIC-PC
Url: http://localhost:8080/Contact/AskContact
ExceptionType: System.InvalidOperationException
Message: A dependent property in a ReferentialConstraint is mapped to a store-generated column. Column: 'IdContactRequest'.
Source: System.Data.Entity
Target site: System.Collections.Generic.IEnumerable`1[System.Data.Common.CommandTrees.DbModificationClause] BuildSetClauses(System.Data.Common.CommandTrees.DbExpressionBinding, System.Data.Mapping.Update.Internal.PropagatorResult, System.Data.Mapping.Update.Internal.PropagatorResult, System.Data.Mapping.Update.Internal.TableChangeProcessor, Boolean, System.Collections.Generic.Dictionary`2[System.Int32,System.String] ByRef, System.Data.Common.CommandTrees.DbExpression ByRef, Boolean ByRef)
   at System.Data.Mapping.Update.Internal.UpdateCompiler.BuildSetClauses(DbExpressionBinding target, PropagatorResult row, PropagatorResult originalRow, TableChangeProcessor processor, Boolean insertMode, Dictionary`2& outputIdentifiers, DbExpression& returning, Boolean& rowMustBeTouched)
   at System.Data.Mapping.Update.Internal.UpdateCompiler.BuildInsertCommand(PropagatorResult newRow, TableChangeProcessor processor)
   at System.Data.Mapping.Update.Internal.TableChangeProcessor.CompileCommands(ChangeNode changeNode, UpdateCompiler compiler)

 ----------------------------------------------------- 
